#
# There is insufficient memory for the Java Runtime Environment to continue.
# Native memory allocation (mmap) failed to map 3637248 bytes for G1 virtual space
# Possible reasons:
#   The system is out of physical RAM or swap space
#   The process is running with CompressedOops enabled, and the Java Heap may be blocking the growth of the native heap
# Possible solutions:
#   Reduce memory load on the system
#   Increase physical memory or swap space
#   Check if swap backing store is full
#   Decrease Java heap size (-Xmx/-Xms)
#   Decrease number of Java threads
#   Decrease Java thread stack sizes (-Xss)
#   Set larger code cache with -XX:ReservedCodeCacheSize=
#   JVM is running with Zero Based Compressed Oops mode in which the Java heap is
#     placed in the first 32GB address space. The Java Heap base address is the
#     maximum limit for the native heap growth. Please use -XX:HeapBaseMinAddress
#     to set the Java Heap base and to place the Java Heap above 32GB virtual address.
# This output file may be truncated or incomplete.
#
#  Out of Memory Error (os_windows.cpp:3466), pid=43156, tid=24932
#
# JRE version:  (16.0.2+7) (build )
# Java VM: OpenJDK 64-Bit Server VM (16.0.2+7-67, mixed mode, sharing, tiered, compressed oops, compressed class ptrs, g1 gc, windows-amd64)
# No core dump will be written. Minidumps are not enabled by default on client versions of Windows
#

---------------  S U M M A R Y ------------

Command Line: -Dcom.sun.management.jmxremote -Dcom.sun.management.jmxremote.port=58204 -Dcom.sun.management.jmxremote.authenticate=false -Dcom.sun.management.jmxremote.ssl=false -Djava.rmi.server.hostname=localhost -Dspring.jmx.enabled=true -Dspring.application.admin.enabled=true -XX:TieredStopAtLevel=1 -Dspring.boot.project.name=service-registry -Dfile.encoding=UTF-8 -XX:+ShowCodeDetailsInExceptionMessages com.registry.ServiceRegistryApplication --spring.output.ansi.enabled=always

Host: AMD Ryzen 7 5700U with Radeon Graphics         , 16 cores, 13G,  Windows 10 , 64 bit Build 19041 (10.0.19041.1348)
Time: Mon Jan  3 12:49:21 2022 India Standard Time elapsed time: 0.010968 seconds (0d 0h 0m 0s)

---------------  T H R E A D  ---------------

Current thread (0x000001e25456f1e0):  JavaThread "Unknown thread" [_thread_in_vm, id=24932, stack(0x000000d0a4000000,0x000000d0a4100000)]

Stack: [0x000000d0a4000000,0x000000d0a4100000]
Native frames: (J=compiled Java code, j=interpreted, Vv=VM code, C=native code)
V  [jvm.dll+0x6681ca]
V  [jvm.dll+0x7c9e69]
V  [jvm.dll+0x7cb61e]
V  [jvm.dll+0x7cbc73]
V  [jvm.dll+0x242c55]
V  [jvm.dll+0x664f89]
V  [jvm.dll+0x659b75]
V  [jvm.dll+0x2fbfbb]
V  [jvm.dll+0x3031b6]
V  [jvm.dll+0x3529c8]
V  [jvm.dll+0x352bcf]
V  [jvm.dll+0x2d3028]
V  [jvm.dll+0x2d4264]
V  [jvm.dll+0x79c741]
V  [jvm.dll+0x360791]
V  [jvm.dll+0x77a3f0]
V  [jvm.dll+0x3e4e8f]
V  [jvm.dll+0x3e6961]
C  [jli.dll+0x52fb]
C  [ucrtbase.dll+0x21bb2]
C  [KERNEL32.DLL+0x17034]
C  [ntdll.dll+0x52651]


---------------  P R O C E S S  ---------------

Threads class SMR info:
_java_thread_list=0x00007ff9fabfcbb8, length=0, elements={
}

Java Threads: ( => current thread )

Other Threads:
  0x000001e2545bafd0 GCTaskThread "GC Thread#0" [stack: 0x000000d0a4100000,0x000000d0a4200000] [id=2488]
  0x000001e2545c9df0 ConcurrentGCThread "G1 Main Marker" [stack: 0x000000d0a4200000,0x000000d0a4300000] [id=40624]
  0x000001e2545caf90 ConcurrentGCThread "G1 Conc#0" [stack: 0x000000d0a4300000,0x000000d0a4400000] [id=18968]

[error occurred during error reporting (printing all threads), id 0xc0000005, EXCEPTION_ACCESS_VIOLATION (0xc0000005) at pc=0x00007ff9fa3d3ee7]

VM state: not at safepoint (not fully initialized)

VM Mutex/Monitor currently owned by a thread:  ([mutex/lock_event])
[0x000001e25456b0e0] Heap_lock - owner thread: 0x000001e25456f1e0

Heap address: 0x0000000722200000, size: 3550 MB, Compressed Oops mode: Zero based, Oop shift amount: 3

CDS archive(s) mapped at: [0x0000000000000000-0x0000000000000000-0x0000000000000000), size 0, SharedBaseAddress: 0x0000000800000000, ArchiveRelocationMode: 0.
Narrow klass base: 0x0000000000000000, Narrow klass shift: 0, Narrow klass range: 0x0

GC Precious Log:
<Empty>

Heap:
 garbage-first heap   total 0K, used 0K [0x0000000722200000, 0x0000000800000000)
  region size 2048K, 0 young (0K), 0 survivors (0K)

[error occurred during error reporting (printing heap information), id 0xc0000005, EXCEPTION_ACCESS_VIOLATION (0xc0000005) at pc=0x00007ff9fa7b1eed]

GC Heap History (0 events):
No events

Deoptimization events (0 events):
No events

Classes unloaded (0 events):
No events

Classes redefined (0 events):
No events

Internal exceptions (0 events):
No events

Events (1 events):
Event: 0.006 Loaded shared library C:\Users\Naresh kumar\Downloads\sts-4.11.1.RELEASE\plugins\org.eclipse.justj.openjdk.hotspot.jre.full.win32.x86_64_16.0.2.v20210721-1149\jre\bin\java.dll


Dynamic libraries:
0x00007ff66d8e0000 - 0x00007ff66d8ee000 	C:\Users\Naresh kumar\Downloads\sts-4.11.1.RELEASE\plugins\org.eclipse.justj.openjdk.hotspot.jre.full.win32.x86_64_16.0.2.v20210721-1149\jre\bin\javaw.exe
0x00007ffa76b10000 - 0x00007ffa76d05000 	C:\Windows\SYSTEM32\ntdll.dll
0x00007ffa74d60000 - 0x00007ffa74e1e000 	C:\Windows\System32\KERNEL32.DLL
0x00007ffa743f0000 - 0x00007ffa746b8000 	C:\Windows\System32\KERNELBASE.dll
0x00007ffa74980000 - 0x00007ffa74a80000 	C:\Windows\System32\ucrtbase.dll
0x00007ffa52ea0000 - 0x00007ffa52eb8000 	C:\Users\Naresh kumar\Downloads\sts-4.11.1.RELEASE\plugins\org.eclipse.justj.openjdk.hotspot.jre.full.win32.x86_64_16.0.2.v20210721-1149\jre\bin\jli.dll
0x00007ffa529b0000 - 0x00007ffa529c9000 	C:\Users\Naresh kumar\Downloads\sts-4.11.1.RELEASE\plugins\org.eclipse.justj.openjdk.hotspot.jre.full.win32.x86_64_16.0.2.v20210721-1149\jre\bin\VCRUNTIME140.dll
0x00007ffa75b20000 - 0x00007ffa75cc1000 	C:\Windows\System32\USER32.dll
0x00007ffa74a80000 - 0x00007ffa74aa2000 	C:\Windows\System32\win32u.dll
0x00007ffa768b0000 - 0x00007ffa768db000 	C:\Windows\System32\GDI32.dll
0x00007ffa5b190000 - 0x00007ffa5b42a000 	C:\Windows\WinSxS\amd64_microsoft.windows.common-controls_6595b64144ccf1df_6.0.19041.1110_none_60b5254171f9507e\COMCTL32.dll
0x00007ffa742e0000 - 0x00007ffa743eb000 	C:\Windows\System32\gdi32full.dll
0x00007ffa754d0000 - 0x00007ffa7556e000 	C:\Windows\System32\msvcrt.dll
0x00007ffa748e0000 - 0x00007ffa7497d000 	C:\Windows\System32\msvcp_win.dll
0x00007ffa75790000 - 0x00007ffa757c0000 	C:\Windows\System32\IMM32.DLL
0x00007ffa6da50000 - 0x00007ffa6da5c000 	C:\Users\Naresh kumar\Downloads\sts-4.11.1.RELEASE\plugins\org.eclipse.justj.openjdk.hotspot.jre.full.win32.x86_64_16.0.2.v20210721-1149\jre\bin\vcruntime140_1.dll
0x00007ffa393c0000 - 0x00007ffa39451000 	C:\Users\Naresh kumar\Downloads\sts-4.11.1.RELEASE\plugins\org.eclipse.justj.openjdk.hotspot.jre.full.win32.x86_64_16.0.2.v20210721-1149\jre\bin\msvcp140.dll
0x00007ff9fa0f0000 - 0x00007ff9fac9b000 	C:\Users\Naresh kumar\Downloads\sts-4.11.1.RELEASE\plugins\org.eclipse.justj.openjdk.hotspot.jre.full.win32.x86_64_16.0.2.v20210721-1149\jre\bin\server\jvm.dll
0x00007ffa75320000 - 0x00007ffa753cc000 	C:\Windows\System32\ADVAPI32.dll
0x00007ffa75430000 - 0x00007ffa754cb000 	C:\Windows\System32\sechost.dll
0x00007ffa74c30000 - 0x00007ffa74d5a000 	C:\Windows\System32\RPCRT4.dll
0x00007ffa75650000 - 0x00007ffa75658000 	C:\Windows\System32\PSAPI.DLL
0x00007ffa71e10000 - 0x00007ffa71e37000 	C:\Windows\SYSTEM32\WINMM.dll
0x00007ffa6b790000 - 0x00007ffa6b79a000 	C:\Windows\SYSTEM32\VERSION.dll
0x00007ffa50130000 - 0x00007ffa50139000 	C:\Windows\SYSTEM32\WSOCK32.dll
0x00007ffa75660000 - 0x00007ffa756cb000 	C:\Windows\System32\WS2_32.dll
0x00007ffa72a70000 - 0x00007ffa72a82000 	C:\Windows\SYSTEM32\kernel.appcore.dll
0x00007ffa6ddb0000 - 0x00007ffa6ddba000 	C:\Users\Naresh kumar\Downloads\sts-4.11.1.RELEASE\plugins\org.eclipse.justj.openjdk.hotspot.jre.full.win32.x86_64_16.0.2.v20210721-1149\jre\bin\jimage.dll
0x00007ffa71bb0000 - 0x00007ffa71d94000 	C:\Windows\SYSTEM32\DBGHELP.DLL
0x00007ffa71de0000 - 0x00007ffa71e0c000 	C:\Windows\SYSTEM32\dbgcore.DLL
0x00007ffa74820000 - 0x00007ffa748a3000 	C:\Windows\System32\bcryptPrimitives.dll
0x00007ffa42760000 - 0x00007ffa42785000 	C:\Users\Naresh kumar\Downloads\sts-4.11.1.RELEASE\plugins\org.eclipse.justj.openjdk.hotspot.jre.full.win32.x86_64_16.0.2.v20210721-1149\jre\bin\java.dll

dbghelp: loaded successfully - version: 4.0.5 - missing functions: none
symbol engine: initialized successfully - sym options: 0x614 - pdb path: .;C:\Users\Naresh kumar\Downloads\sts-4.11.1.RELEASE\plugins\org.eclipse.justj.openjdk.hotspot.jre.full.win32.x86_64_16.0.2.v20210721-1149\jre\bin;C:\Windows\SYSTEM32;C:\Windows\WinSxS\amd64_microsoft.windows.common-controls_6595b64144ccf1df_6.0.19041.1110_none_60b5254171f9507e;C:\Users\Naresh kumar\Downloads\sts-4.11.1.RELEASE\plugins\org.eclipse.justj.openjdk.hotspot.jre.full.win32.x86_64_16.0.2.v20210721-1149\jre\bin\server

VM Arguments:
jvm_args: -Dcom.sun.management.jmxremote -Dcom.sun.management.jmxremote.port=58204 -Dcom.sun.management.jmxremote.authenticate=false -Dcom.sun.management.jmxremote.ssl=false -Djava.rmi.server.hostname=localhost -Dspring.jmx.enabled=true -Dspring.application.admin.enabled=true -XX:TieredStopAtLevel=1 -Dspring.boot.project.name=service-registry -Dfile.encoding=UTF-8 -XX:+ShowCodeDetailsInExceptionMessages 
java_command: com.registry.ServiceRegistryApplication --spring.output.ansi.enabled=always
java_class_path (initial): C:\Users\Naresh kumar\Desktop\Microservices - bkp\Service-registory\service-registry\target\classes;C:\Users\Naresh kumar\.m2\repository\org\springframework\cloud\spring-cloud-starter-netflix-eureka-server\3.1.1-SNAPSHOT\spring-cloud-starter-netflix-eureka-server-3.1.1-SNAPSHOT.jar;C:\Users\Naresh kumar\.m2\repository\org\springframework\cloud\spring-cloud-starter\3.1.1-SNAPSHOT\spring-cloud-starter-3.1.1-SNAPSHOT.jar;C:\Users\Naresh kumar\.m2\repository\org\springframework\cloud\spring-cloud-context\3.1.1-SNAPSHOT\spring-cloud-context-3.1.1-SNAPSHOT.jar;C:\Users\Naresh kumar\.m2\repository\org\springframework\security\spring-security-crypto\5.6.1-SNAPSHOT\spring-security-crypto-5.6.1-SNAPSHOT.jar;C:\Users\Naresh kumar\.m2\repository\org\springframework\cloud\spring-cloud-commons\3.1.1-SNAPSHOT\spring-cloud-commons-3.1.1-SNAPSHOT.jar;C:\Users\Naresh kumar\.m2\repository\org\springframework\security\spring-security-rsa\1.0.10.RELEASE\spring-security-rsa-1.0.10.RELEASE.jar;C:\Users\Naresh kumar\.m2\repository\org\bouncycastle\bcpkix-jdk15on\1.68\bcpkix-jdk15on-1.68.jar;C:\Users\Naresh kumar\.m2\repository\org\bouncycastle\bcprov-jdk15on\1.68\bcprov-jdk15on-1.68.jar;C:\Users\Naresh kumar\.m2\repository\org\springframework\cloud\spring-cloud-netflix-eureka-server\3.1.1-SNAPSHOT\spring-cloud-netflix-eureka-server-3.1.1-SNAPSHOT.jar;C:\Users\Naresh kumar\.m2\repository\org\springframework\boot\spring-boot-starter-web\2.6.2-SNAPSHOT\spring-boot-starter-web-2.6.2-SNAPSHOT.jar;C:\Users\Naresh kumar\.m2\repository\org\springframework\boot\spring-boot-starter-json\2.6.2-SNAPSHOT\spring-boot-starter-json-2.6.2-SNAPSHOT.jar;C:\Users\Naresh kumar\.m2\repository\com\fasterxml\jackson\datatype\jackson-datatype-jdk8\2.13.1\jackson-datatype-jdk8-2.13.1.jar;C:\Users\Naresh kumar\.m2\repository\com\fasterxml\jackson\datatype\jackson-datatype-jsr310\2.13.1\jackson-datatype-jsr310-2.13.1.jar;C:\Users\Naresh kumar\.m2\repository\com\fasterxml\jackson\module\ja
Launcher Type: SUN_STANDARD

[Global flags]
     intx CICompilerCount                          = 12                                        {product} {ergonomic}
     uint ConcGCThreads                            = 3                                         {product} {ergonomic}
     uint G1ConcRefinementThreads                  = 13                                        {product} {ergonomic}
   size_t G1HeapRegionSize                         = 2097152                                   {product} {ergonomic}
    uintx GCDrainStackTargetSize                   = 64                                        {product} {ergonomic}
   size_t InitialHeapSize                          = 232783872                                 {product} {ergonomic}
     bool ManagementServer                         = true                                      {product} {command line}
   size_t MarkStackSize                            = 4194304                                   {product} {ergonomic}
   size_t MaxHeapSize                              = 3722444800                                {product} {ergonomic}
   size_t MinHeapDeltaBytes                        = 2097152                                   {product} {ergonomic}
   size_t MinHeapSize                              = 8388608                                   {product} {ergonomic}
    uintx NonNMethodCodeHeapSize                   = 12163472                               {pd product} {ergonomic}
    uintx NonProfiledCodeHeapSize                  = 239494768                              {pd product} {ergonomic}
    uintx ProfiledCodeHeapSize                     = 0                                      {pd product} {ergonomic}
    uintx ReservedCodeCacheSize                    = 251658240                              {pd product} {ergonomic}
     bool SegmentedCodeCache                       = true                                      {product} {ergonomic}
     bool ShowCodeDetailsInExceptionMessages       = true                                   {manageable} {command line}
   size_t SoftMaxHeapSize                          = 3722444800                             {manageable} {ergonomic}
     intx TieredStopAtLevel                        = 1                                         {product} {command line}
     bool UseCompressedClassPointers               = true                           {product lp64_product} {ergonomic}
     bool UseCompressedOops                        = true                           {product lp64_product} {ergonomic}
     bool UseG1GC                                  = true                                      {product} {ergonomic}
     bool UseLargePagesIndividualAllocation        = false                                  {pd product} {ergonomic}

Logging:
Log output configuration:
 #0: stdout all=warning uptime,level,tags
 #1: stderr all=off uptime,level,tags

Environment Variables:
JAVA_HOME=C:\Program Files\Java\jdk1.8.0_111
PATH=C:/Users/Naresh kumar/Downloads/sts-4.11.1.RELEASE//plugins/org.eclipse.justj.openjdk.hotspot.jre.full.win32.x86_64_16.0.2.v20210721-1149/jre/bin/server;C:/Users/Naresh kumar/Downloads/sts-4.11.1.RELEASE//plugins/org.eclipse.justj.openjdk.hotspot.jre.full.win32.x86_64_16.0.2.v20210721-1149/jre/bin;C:\Python310\Scripts\;C:\Python310\;C:\ProgramData\Oracle\Java\javapath;C:\Windows\system32;C:\Windows;C:\Windows\System32\Wbem;C:\Windows\System32\WindowsPowerShell\v1.0\;C:\Windows\System32\OpenSSH\;C:\Program Files\Sublime Text\;C:\ProgramData\chocolatey\bin;C:\Program Files (x86)\nodejs\;C:\Program Files\Git\cmd;C:\Program Files\Docker\Docker\resources\bin;C:\ProgramData\DockerDesktop\version-bin;C:\Users\Naresh kumar\AppData\Local\Microsoft\WindowsApps;C:\Users\Naresh kumar\AppData\Roaming\npm;C:\Program Files\heroku\bin;C:\Program Files\JetBrains\IntelliJ IDEA 2021.3\bin;;C:\Program Files (x86)\Google\Cloud SDK\google-cloud-sdk\bin;C:\Users\Naresh kumar\Downloads\sts-4.11.1.RELEASE;
USERNAME=Naresh kumar
OS=Windows_NT
PROCESSOR_IDENTIFIER=AMD64 Family 23 Model 104 Stepping 1, AuthenticAMD



---------------  S Y S T E M  ---------------

OS:
 Windows 10 , 64 bit Build 19041 (10.0.19041.1348)
OS uptime: 13 days 16:01 hours
Hyper-V role detected

CPU: total 16 (initial active 16) (16 cores per cpu, 2 threads per core) family 23 model 104 stepping 1 microcode 0x0, cx8, cmov, fxsr, ht, mmx, 3dnowpref, sse, sse2, sse3, ssse3, sse4a, sse4.1, sse4.2, popcnt, lzcnt, tsc, tscinvbit, avx, avx2, aes, clmul, bmi1, bmi2, adx, sha, fma, vzeroupper, clflush, clflushopt, hv

Memory: 4k page, system-wide physical 14197M (282M free)
TotalPageFile size 31336M (AvailPageFile size 5M)
current process WorkingSet (physical memory assigned to process): 10M, peak: 10M
current process commit charge ("private bytes"): 293M, peak: 297M

vm_info: OpenJDK 64-Bit Server VM (16.0.2+7-67) for windows-amd64 JRE (16.0.2+7-67), built on Jun  8 2021 23:21:43 by "mach5one" with MS VC++ 16.7 (VS2019)

END.
